MPASM  5.20                          DICE.ASM   5-23-2009  13:20:41         PAGE  1


LOC  OBJECT CODE     LINE SOURCE TEXT
  VALUE

                      00001 ;**********************************************************************
                      00002 ;   This file is a basic code template for assembly code generation   *
                      00003 ;   on the PIC16F887. This file contains the basic code               *
                      00004 ;   building blocks to build upon.                                    *
                      00005 ;                                                                     *
                      00006 ;   If interrupts are not used all code presented between the ORG     *
                      00007 ;   0x004 directive and the label main can be removed. In addition    *
                      00008 ;   the variable assignments for 'w_temp' and 'status_temp' can       *
                      00009 ;   be removed.                                                       *
                      00010 ;                                                                     *
                      00011 ;   Refer to the MPASM User's Guide for additional information on     *
                      00012 ;   features of the assembler (Document DS33014).                     *
                      00013 ;                                                                     *
                      00014 ;   Refer to the respective PIC data sheet for additional            *
                      00015 ;   information on the instruction set.                               *
                      00016 ;                                                                     *
                      00017 ;**********************************************************************
                      00018 ;                                                                     *
                      00019 ;    Filename:      xxx.asm                                           *
                      00020 ;    Date:                                                            *
                      00021 ;    File Version:                                                    *
                      00022 ;                                                                     *
                      00023 ;    Author:                                                          *
                      00024 ;    Company:                                                         *
                      00025 ;                                                                     *
                      00026 ;                                                                     *
                      00027 ;**********************************************************************
                      00028 ;                                                                     *
                      00029 ;    Files required:                                                  *
                      00030 ;                                                                     *
                      00031 ;                                                                     *
                      00032 ;                                                                     *
                      00033 ;**********************************************************************
                      00034 ;                                                                     *
                      00035 ;    Notes:                                                           *
                      00036 ;                                                                     *
                      00037 ;                                                                     *
                      00038 ;                                                                     *
                      00039 ;                                                                     *
                      00040 ;**********************************************************************
                      00041 
                      00042 
                      00043         list            p=16f887        ; list directive to define processor
                      00044 
                      00045 #include <p16F887.inc>
                      00001         LIST
                      00002 ; P16F887.INC  Standard Header File, Version 1.00    Microchip Technology, Inc.
                      00617         LIST
2007   20C4           00046         __CONFIG    _CONFIG1, _LVP_OFF & _FCMEN_OFF & _IESO_OFF & _BOR_OFF & _CPD_OFF & _CP_OFF & _MCLRE
                            _OFF & _PWRTE_ON & _WDT_OFF & _INTRC_OSC_NOCLKOUT
2008   3EFF           00047         __CONFIG    _CONFIG2, _WRT_OFF & _BOR21V
                      00048 
                      00049      cblock     0x20
MPASM  5.20                          DICE.ASM   5-23-2009  13:20:41         PAGE  2


LOC  OBJECT CODE     LINE SOURCE TEXT
  VALUE

  00000020            00050 Delay1         ; Assign an address to label Delay1
  00000021            00051 Delay2
  00000022            00052 Display        ; define a variable to hold the diplay
  00000023            00053 Direction
  00000024            00054 LookingFor
                      00055      endc
                      00056 
                      00057      
0000                  00058      org 0
0000                  00059 Start:
0000   1683           00060      bsf       STATUS,RP0     ; select Register Bank 1
0001   30FF           00061      movlw     0xFF
Message[302]: Register in operand not in bank 0.  Ensure that bank bits are correct.
0002   0085           00062      movwf     TRISA          ; Make PortA all input
0003   3001           00063      movlw     0x01
Message[302]: Register in operand not in bank 0.  Ensure that bank bits are correct.
0004   0086           00064      movwf     TRISB          ; Make RB0 input
Message[302]: Register in operand not in bank 0.  Ensure that bank bits are correct.
0005   0188           00065      clrf      TRISD          ; Make PortD all output
0006   3000           00066      movlw     0x00           ; Left Justified, Vdd-Vss referenced
Message[302]: Register in operand not in bank 0.  Ensure that bank bits are correct.
0007   009F           00067      movwf     ADCON1
0008   1703           00068      bsf       STATUS,RP1     ; select Register Bank 3
0009   30FF           00069      movlw     0xFF           ; we want all Port A pins Analog
Message[302]: Register in operand not in bank 0.  Ensure that bank bits are correct.
000A   0088           00070      movwf     ANSEL
000B   3000           00071      movlw     0x00
Message[302]: Register in operand not in bank 0.  Ensure that bank bits are correct.
000C   0089           00072      movwf     ANSELH         ; PortB pins are digitial (important as RB0 is switch)
000D   1283           00073      bcf       STATUS,RP0     ; back to Register Bank 0
000E   1303           00074      bcf       STATUS,RP1
                      00075      
000F   3041           00076      movlw     0x41
0010   009F           00077      movwf     ADCON0         ; configure A2D for Fosc/8, Channel 0 (RA0), and turn on the A2D module
0011   3080           00078      movlw     0x80
0012   00A2           00079      movwf     Display
0013   01A3           00080      clrf      Direction
0014   01A4           00081      clrf      LookingFor     ; Looking for a 0 on the button
0015                  00082 MainLoop:
0015   0822           00083      movf      Display,w      ; Copy the display to the LEDs
0016   0088           00084      movwf     PORTD
0017   0000           00085      nop                      ; wait 5uS for A2D amp to settle and capacitor to charge.
0018   0000           00086      nop                      ; wait 1uS
0019   0000           00087      nop                      ; wait 1uS
001A   0000           00088      nop                      ; wait 1uS
001B   0000           00089      nop                      ; wait 1uS
001C   149F           00090      bsf       ADCON0,GO_DONE ; start conversion
001D   1C9F           00091      btfss     ADCON0,GO_DONE ; this bit will change to zero when the conversion is complete
001E   281D           00092      goto      $-1
001F   081E           00093      movf      ADRESH,w       ; Copy the display to the LEDs
0020   00A1           00094      movwf     Delay2
                      00095 
0021   0CA1           00096         rrf Delay2, f    ; double the speed of the LEDs
MPASM  5.20                          DICE.ASM   5-23-2009  13:20:41         PAGE  3


LOC  OBJECT CODE     LINE SOURCE TEXT
  VALUE

                      00097 
0022                  00098 A2DDelayLoop:
0022   0FA0           00099      incfsz    Delay1,f       ; Waste time.  
0023   2822           00100      goto      A2DDelayLoop   ; The Inner loop takes 3 instructions per loop * 256 loopss = 768 instruct
                            ions
0024   0FA1           00101      incfsz    Delay2,f       ; The outer loop takes and additional 3 instructions per lap * 256 loops
0025   2822           00102      goto      A2DDelayLoop   ; (768+3) * 256 = 197376 instructions / 1M instructions per second = 0.197
                             sec.
                      00103                               ; call it a two-tenths of a second.
                      00104 
0026   300D           00105      movlw     .13            ; Delay another 10mS plus whatever was above
0027   00A1           00106      movwf     Delay2
0028                  00107 TenmSdelay:
0028   0BA0           00108      decfsz    Delay1,f
0029   2828           00109      goto      TenmSdelay
002A   0BA1           00110      decfsz    Delay2,f
002B   2828           00111      goto      TenmSdelay
                      00112 
002C   1824           00113      btfsc     LookingFor,0
002D   2834           00114      goto      LookingFor1
002E                  00115 LookingFor0:
002E   1806           00116      btfsc     PORTB,0        ; is the switch pressed (0)
002F   2836           00117      goto      Rotate
0030   1424           00118      bsf       LookingFor,0   ; yes  Next we'll be looking for a 1
0031   30FF           00119      movlw     0xFF           ; load the W register incase we need it
0032   06A3           00120      xorwf     Direction,f    ; yes, flip the direction bit
0033   2836           00121      goto      Rotate
                      00122 
0034                  00123 LookingFor1:
0034   1806           00124      btfsc     PORTB,0        ; is the switch pressed (0)
0035   1024           00125      bcf       LookingFor,0
                      00126      
0036                  00127 Rotate:
0036   1003           00128      bcf       STATUS,C       ; ensure the carry bit is clear
0037   1C23           00129      btfss     Direction,0
0038   283D           00130      goto      RotateLeft
0039                  00131 RotateRight:
0039   0CA2           00132      rrf       Display,f
003A   1803           00133      btfsc     STATUS,C       ; Did the bit rotate into the carry?
003B   17A2           00134      bsf       Display,7      ; yes, put it into bit 7.
                      00135 
003C   2815           00136      goto      MainLoop
003D                  00137 RotateLeft:
003D   0DA2           00138      rlf       Display,f
003E   1803           00139      btfsc     STATUS,C       ; did it rotate out of the display
003F   1422           00140      bsf       Display,0      ; yes, put it into bit 0
0040   2815           00141      goto      MainLoop
                      00142      
                      00143      end
MPASM  5.20                          DICE.ASM   5-23-2009  13:20:41         PAGE  4


SYMBOL TABLE
  LABEL                             VALUE 

A2DDelayLoop                      00000022
ABDEN                             00000000
ABDOVF                            00000007
ACKDT                             00000005
ACKEN                             00000004
ACKSTAT                           00000006
ADCON0                            0000001F
ADCON1                            0000009F
ADCS0                             00000006
ADCS1                             00000007
ADDEN                             00000003
ADFM                              00000007
ADIE                              00000006
ADIF                              00000006
ADON                              00000000
ADRESH                            0000001E
ADRESL                            0000009E
ANS0                              00000000
ANS1                              00000001
ANS10                             00000002
ANS11                             00000003
ANS12                             00000004
ANS13                             00000005
ANS2                              00000002
ANS3                              00000003
ANS4                              00000004
ANS5                              00000005
ANS6                              00000006
ANS7                              00000007
ANS8                              00000000
ANS9                              00000001
ANSEL                             00000188
ANSELH                            00000189
BAUDCTL                           00000187
BCLIE                             00000003
BCLIF                             00000003
BF                                00000000
BRG0                              00000000
BRG1                              00000001
BRG10                             00000002
BRG11                             00000003
BRG12                             00000004
BRG13                             00000005
BRG14                             00000006
BRG15                             00000007
BRG16                             00000003
BRG2                              00000002
BRG3                              00000003
BRG4                              00000004
BRG5                              00000005
BRG6                              00000006
BRG7                              00000007
BRG8                              00000000
MPASM  5.20                          DICE.ASM   5-23-2009  13:20:41         PAGE  5


SYMBOL TABLE
  LABEL                             VALUE 

BRG9                              00000001
BRGH                              00000002
C                                 00000000
C1CH0                             00000000
C1CH1                             00000001
C1IE                              00000005
C1IF                              00000005
C1OE                              00000005
C1ON                              00000007
C1OUT                             00000006
C1POL                             00000004
C1R                               00000002
C1RSEL                            00000005
C1SEN                             00000005
C2CH0                             00000000
C2CH1                             00000001
C2IE                              00000006
C2IF                              00000006
C2OE                              00000005
C2ON                              00000007
C2OUT                             00000006
C2POL                             00000004
C2R                               00000002
C2REN                             00000004
C2RSEL                            00000004
C2SYNC                            00000000
CCP1CON                           00000017
CCP1IE                            00000002
CCP1IF                            00000002
CCP1M0                            00000000
CCP1M1                            00000001
CCP1M2                            00000002
CCP1M3                            00000003
CCP1X                             00000005
CCP1Y                             00000004
CCP2CON                           0000001D
CCP2IE                            00000000
CCP2IF                            00000000
CCP2M0                            00000000
CCP2M1                            00000001
CCP2M2                            00000002
CCP2M3                            00000003
CCP2X                             00000005
CCP2Y                             00000004
CCPR1H                            00000016
CCPR1L                            00000015
CCPR2H                            0000001C
CCPR2L                            0000001B
CHS0                              00000002
CHS1                              00000003
CHS2                              00000004
CHS3                              00000005
CKE                               00000006
MPASM  5.20                          DICE.ASM   5-23-2009  13:20:41         PAGE  6


SYMBOL TABLE
  LABEL                             VALUE 

CKP                               00000004
CM1CON0                           00000107
CM2CON0                           00000108
CM2CON1                           00000109
CREN                              00000004
CSRC                              00000007
D                                 00000005
DATA_ADDRESS                      00000005
DC                                00000001
DC1B0                             00000004
DC1B1                             00000005
DC2B0                             00000004
DC2B1                             00000005
D_A                               00000005
Delay1                            00000020
Delay2                            00000021
Direction                         00000023
Display                           00000022
ECCPAS                            0000009C
ECCPAS0                           00000004
ECCPAS1                           00000005
ECCPAS2                           00000006
ECCPASE                           00000007
EEADR                             0000010D
EEADRH                            0000010F
EECON1                            0000018C
EECON2                            0000018D
EEDAT                             0000010C
EEDATA                            0000010C
EEDATH                            0000010E
EEIE                              00000004
EEIF                              00000004
EEPGD                             00000007
F                                 00000001
FERR                              00000002
FSR                               00000004
FVREN                             00000000
GCEN                              00000007
GIE                               00000007
GO                                00000001
GO_DONE                           00000001
HTS                               00000002
I2C_DATA                          00000005
I2C_READ                          00000002
I2C_START                         00000003
I2C_STOP                          00000004
INDF                              00000000
INTCON                            0000000B
INTE                              00000004
INTEDG                            00000006
INTF                              00000001
IOCB                              00000096
IOCB0                             00000000
MPASM  5.20                          DICE.ASM   5-23-2009  13:20:41         PAGE  7


SYMBOL TABLE
  LABEL                             VALUE 

IOCB1                             00000001
IOCB2                             00000002
IOCB3                             00000003
IOCB4                             00000004
IOCB5                             00000005
IOCB6                             00000006
IOCB7                             00000007
IRCF0                             00000004
IRCF1                             00000005
IRCF2                             00000006
IRP                               00000007
LTS                               00000001
LookingFor                        00000024
LookingFor0                       0000002E
LookingFor1                       00000034
MC1OUT                            00000007
MC2OUT                            00000006
MSK                               00000093
MainLoop                          00000015
NOT_A                             00000005
NOT_ADDRESS                       00000005
NOT_BO                            00000000
NOT_BOR                           00000000
NOT_DONE                          00000001
NOT_PD                            00000003
NOT_POR                           00000001
NOT_RBPU                          00000007
NOT_RC8                           00000006
NOT_T1SYNC                        00000002
NOT_TO                            00000004
NOT_TX8                           00000006
NOT_W                             00000002
NOT_WRITE                         00000002
OERR                              00000001
OPTION_REG                        00000081
OSCCON                            0000008F
OSCTUNE                           00000090
OSFIE                             00000007
OSFIF                             00000007
OSTS                              00000003
P                                 00000004
P1M0                              00000006
P1M1                              00000007
PCL                               00000002
PCLATH                            0000000A
PCON                              0000008E
PDC0                              00000000
PDC1                              00000001
PDC2                              00000002
PDC3                              00000003
PDC4                              00000004
PDC5                              00000005
PDC6                              00000006
MPASM  5.20                          DICE.ASM   5-23-2009  13:20:41         PAGE  8


SYMBOL TABLE
  LABEL                             VALUE 

PEIE                              00000006
PEN                               00000002
PIE1                              0000008C
PIE2                              0000008D
PIR1                              0000000C
PIR2                              0000000D
PORTA                             00000005
PORTB                             00000006
PORTC                             00000007
PORTD                             00000008
PORTE                             00000009
PR2                               00000092
PRSEN                             00000007
PS0                               00000000
PS1                               00000001
PS2                               00000002
PSA                               00000003
PSSAC0                            00000002
PSSAC1                            00000003
PSSBD0                            00000000
PSSBD1                            00000001
PSTRCON                           0000009D
PULSR                             00000002
PULSS                             00000003
PWM1CON                           0000009B
R                                 00000002
RBIE                              00000003
RBIF                              00000000
RC8_9                             00000006
RC9                               00000006
RCD8                              00000000
RCEN                              00000003
RCIDL                             00000006
RCIE                              00000005
RCIF                              00000005
RCREG                             0000001A
RCSTA                             00000018
RD                                00000000
READ_WRITE                        00000002
RP0                               00000005
RP1                               00000006
RSEN                              00000001
RX9                               00000006
RX9D                              00000000
R_W                               00000002
Rotate                            00000036
RotateLeft                        0000003D
RotateRight                       00000039
S                                 00000003
SBOREN                            00000004
SCKP                              00000004
SCS                               00000000
SEN                               00000000
MPASM  5.20                          DICE.ASM   5-23-2009  13:20:41         PAGE  9


SYMBOL TABLE
  LABEL                             VALUE 

SENDB                             00000003
SMP                               00000007
SPBRG                             00000099
SPBRGH                            0000009A
SPEN                              00000007
SR0                               00000006
SR1                               00000007
SRCON                             00000185
SREN                              00000005
SSPADD                            00000093
SSPBUF                            00000013
SSPCON                            00000014
SSPCON2                           00000091
SSPEN                             00000005
SSPIE                             00000003
SSPIF                             00000003
SSPM0                             00000000
SSPM1                             00000001
SSPM2                             00000002
SSPM3                             00000003
SSPMSK                            00000093
SSPOV                             00000006
SSPSTAT                           00000094
STATUS                            00000003
STRA                              00000000
STRB                              00000001
STRC                              00000002
STRD                              00000003
STRSYNC                           00000004
SWDTEN                            00000000
SYNC                              00000004
Start                             00000000
T0CS                              00000005
T0IE                              00000005
T0IF                              00000002
T0SE                              00000004
T1CKPS0                           00000004
T1CKPS1                           00000005
T1CON                             00000010
T1GIV                             00000007
T1GSS                             00000001
T1INSYNC                          00000002
T1OSCEN                           00000003
T1SYNC                            00000002
T2CKPS0                           00000000
T2CKPS1                           00000001
T2CON                             00000012
TMR0                              00000001
TMR0IE                            00000005
TMR0IF                            00000002
TMR1CS                            00000001
TMR1GE                            00000006
TMR1H                             0000000F
MPASM  5.20                          DICE.ASM   5-23-2009  13:20:41         PAGE 10


SYMBOL TABLE
  LABEL                             VALUE 

TMR1IE                            00000000
TMR1IF                            00000000
TMR1L                             0000000E
TMR1ON                            00000000
TMR2                              00000011
TMR2IE                            00000001
TMR2IF                            00000001
TMR2ON                            00000002
TOUTPS0                           00000003
TOUTPS1                           00000004
TOUTPS2                           00000005
TOUTPS3                           00000006
TRISA                             00000085
TRISB                             00000086
TRISC                             00000087
TRISD                             00000088
TRISE                             00000089
TRMT                              00000001
TUN0                              00000000
TUN1                              00000001
TUN2                              00000002
TUN3                              00000003
TUN4                              00000004
TX8_9                             00000006
TX9                               00000006
TX9D                              00000000
TXD8                              00000000
TXEN                              00000005
TXIE                              00000004
TXIF                              00000004
TXREG                             00000019
TXSTA                             00000098
TenmSdelay                        00000028
UA                                00000001
ULPWUE                            00000005
ULPWUIE                           00000002
ULPWUIF                           00000002
VCFG0                             00000004
VCFG1                             00000005
VR0                               00000000
VR1                               00000001
VR2                               00000002
VR3                               00000003
VRCON                             00000097
VREN                              00000007
VROE                              00000006
VRR                               00000005
VRSS                              00000004
W                                 00000000
WCOL                              00000007
WDTCON                            00000105
WDTPS0                            00000001
WDTPS1                            00000002
MPASM  5.20                          DICE.ASM   5-23-2009  13:20:41         PAGE 11


SYMBOL TABLE
  LABEL                             VALUE 

WDTPS2                            00000003
WDTPS3                            00000004
WPUB                              00000095
WPUB0                             00000000
WPUB1                             00000001
WPUB2                             00000002
WPUB3                             00000003
WPUB4                             00000004
WPUB5                             00000005
WPUB6                             00000006
WPUB7                             00000007
WR                                00000001
WREN                              00000002
WRERR                             00000003
WUE                               00000001
Z                                 00000002
_BOR21V                           00003EFF
_BOR40V                           00003FFF
_BOR_NSLEEP                       00003EFF
_BOR_OFF                          00003CFF
_BOR_ON                           00003FFF
_BOR_SBODEN                       00003DFF
_CONFIG1                          00002007
_CONFIG2                          00002008
_CPD_OFF                          00003FFF
_CPD_ON                           00003F7F
_CP_OFF                           00003FFF
_CP_ON                            00003FBF
_DEBUG_OFF                        00003FFF
_DEBUG_ON                         00001FFF
_EC_OSC                           00003FFB
_EXTRC                            00003FFF
_EXTRCIO                          00003FFE
_EXTRC_OSC_CLKOUT                 00003FFF
_EXTRC_OSC_NOCLKOUT               00003FFE
_FCMEN_OFF                        000037FF
_FCMEN_ON                         00003FFF
_HS_OSC                           00003FFA
_IESO_OFF                         00003BFF
_IESO_ON                          00003FFF
_INTOSC                           00003FFD
_INTOSCIO                         00003FFC
_INTRC_OSC_CLKOUT                 00003FFD
_INTRC_OSC_NOCLKOUT               00003FFC
_LP_OSC                           00003FF8
_LVP_OFF                          00002FFF
_LVP_ON                           00003FFF
_MCLRE_OFF                        00003FDF
_MCLRE_ON                         00003FFF
_PWRTE_OFF                        00003FFF
_PWRTE_ON                         00003FEF
_WDT_OFF                          00003FF7
_WDT_ON                           00003FFF
MPASM  5.20                          DICE.ASM   5-23-2009  13:20:41         PAGE 12


SYMBOL TABLE
  LABEL                             VALUE 

_WRT_1FOURTH                      00003BFF
_WRT_256                          00003DFF
_WRT_HALF                         000039FF
_WRT_OFF                          00003FFF
_XT_OSC                           00003FF9
__16F887                          00000001
__DEBUG                           1


MEMORY USAGE MAP ('X' = Used,  '-' = Unused)

0000 : XXXXXXXXXXXXXXXX XXXXXXXXXXXXXXXX XXXXXXXXXXXXXXXX XXXXXXXXXXXXXXXX
0040 : X--------------- ---------------- ---------------- ----------------
2000 : -------XX------- ---------------- ---------------- ----------------

All other memory blocks unused.

Program Memory Words Used:    65
Program Memory Words Free:  8127


Errors   :     0
Warnings :     0 reported,     0 suppressed
Messages :     6 reported,     0 suppressed

