MPASM  5.20                    REVERSIBLE.ASM   6-4-2009  12:45:00         PAGE  1


LOC  OBJECT CODE     LINE SOURCE TEXT
  VALUE

                      00001 ;******************************************************************************
                      00002 ;Software License Agreement                                         
                      00003 ;                                                                    
                      00004 ;The software supplied herewith by Microchip Technology             
                      00005 ;Incorporated (the "Company") is intended and supplied to you, the  
                      00006 ;Company’s customer, for use solely and exclusively on Microchip    
                      00007 ;products. The software is owned by the Company and/or its supplier,
                      00008 ;and is protected under applicable copyright laws. All rights are   
                      00009 ;reserved. Any use in violation of the foregoing restrictions may   
                      00010 ;subject the user to criminal sanctions under applicable laws, as   
                      00011 ;well as to civil liability for the breach of the terms and         
                      00012 ;conditions of this license.                                        
                      00013 ;                                                                    
                      00014 ;THIS SOFTWARE IS PROVIDED IN AN "AS IS" CONDITION. NO WARRANTIES,  
                      00015 ;WHETHER EXPRESS, IMPLIED OR STATUTORY, INCLUDING, BUT NOT LIMITED  
                      00016 ;TO, IMPLIED WARRANTIES OF MERCHANTABILITY AND FITNESS FOR A       
                      00017 ;PARTICULAR PURPOSE APPLY TO THIS SOFTWARE. THE COMPANY SHALL NOT,  
                      00018 ;IN ANY CIRCUMSTANCES, BE LIABLE FOR SPECIAL, INCIDENTAL OR         
                      00019 ;CONSEQUENTIAL DAMAGES, FOR ANY REASON WHATSOEVER.       
                      00020 ; *******************************************************************
                      00021 ; PICkit 2 Lesson 7 - Reversible LEDs
                      00022 ;
                      00023 ; This shows how to read the A2D converter and rotate
                      00024 ; a bit on the 8 bit LED display.
                      00025 ; The pot on the 44-pin Demo board varies the voltage 
                      00026 ; coming in on in pin RA0.
                      00027 ;
                      00028 ; The switch is used to reverse the direction of rotation
                      00029 ;
                      00030 ; The A2D is referenced to the same Vdd as the device, which 
                      00031 ; is provided by the USB cable and nominally is 5V.  The A2D
                      00032 ; returns the ratio of the voltage on Pin RA0 to 5V.  The A2D
                      00033 ; has a resolution of 10 bits, with 1023 representing 5V and
                      00034 ; 0 representing 0V.
                      00035 ;
                      00036 ; *******************************************************************
                      00037 ; *    See 44-pin Demo Board User's Guide for Lesson Information    *
                      00038 ; *******************************************************************
                      00039 
                      00040 #include <p16F887.inc>
                      00001         LIST
                      00002 ; P16F887.INC  Standard Header File, Version 1.00    Microchip Technology, Inc.
                      00617         LIST
2007   20C4           00041         __CONFIG    _CONFIG1, _LVP_OFF & _FCMEN_OFF & _IESO_OFF & _BOR_OFF & _CPD_OFF & _CP_OFF & _MCLRE
                            _OFF & _PWRTE_ON & _WDT_OFF & _INTRC_OSC_NOCLKOUT
2008   3EFF           00042         __CONFIG    _CONFIG2, _WRT_OFF & _BOR21V
                      00043 
                      00044      cblock     0x20
  00000020            00045 Delay1         ; Assign an address to label Delay1
  00000021            00046 Delay2
  00000022            00047 Display        ; define a variable to hold the diplay
  00000023            00048 Direction
  00000024            00049 LookingFor
MPASM  5.20                    REVERSIBLE.ASM   6-4-2009  12:45:00         PAGE  2


LOC  OBJECT CODE     LINE SOURCE TEXT
  VALUE

                      00050      endc
                      00051 
                      00052      
0000                  00053      org 0
0000                  00054 Start:
0000   1683           00055      bsf       STATUS,RP0     ; select Register Bank 1
0001   30FF           00056      movlw     0xFF
Message[302]: Register in operand not in bank 0.  Ensure that bank bits are correct.
0002   0085           00057      movwf     TRISA          ; Make PortA all input
0003   3001           00058      movlw     0x01
Message[302]: Register in operand not in bank 0.  Ensure that bank bits are correct.
0004   0086           00059      movwf     TRISB          ; Make RB0 input
Message[302]: Register in operand not in bank 0.  Ensure that bank bits are correct.
0005   0188           00060      clrf      TRISD          ; Make PortD all output
0006   3000           00061      movlw     0x00           ; Left Justified, Vdd-Vss referenced
Message[302]: Register in operand not in bank 0.  Ensure that bank bits are correct.
0007   009F           00062      movwf     ADCON1
0008   1703           00063      bsf       STATUS,RP1     ; select Register Bank 3
0009   30FF           00064      movlw     0xFF           ; we want all Port A pins Analog
Message[302]: Register in operand not in bank 0.  Ensure that bank bits are correct.
000A   0088           00065      movwf     ANSEL
000B   3000           00066      movlw     0x00
Message[302]: Register in operand not in bank 0.  Ensure that bank bits are correct.
000C   0089           00067      movwf     ANSELH         ; PortB pins are digitial (important as RB0 is switch)
000D   1283           00068      bcf       STATUS,RP0     ; back to Register Bank 0
000E   1303           00069      bcf       STATUS,RP1
                      00070      
000F   3041           00071      movlw     0x41
0010   009F           00072      movwf     ADCON0         ; configure A2D for Fosc/8, Channel 0 (RA0), and turn on the A2D module
0011   3080           00073      movlw     0x80
0012   00A2           00074      movwf     Display
0013   01A3           00075      clrf      Direction
0014   01A4           00076      clrf      LookingFor     ; Looking for a 0 on the button
0015                  00077 MainLoop:
0015   0822           00078      movf      Display,w      ; Copy the display to the LEDs
0016   0088           00079      movwf     PORTD
0017   0000           00080      nop                      ; wait 5uS for A2D amp to settle and capacitor to charge.
0018   0000           00081      nop                      ; wait 1uS
0019   0000           00082      nop                      ; wait 1uS
001A   0000           00083      nop                      ; wait 1uS
001B   0000           00084      nop                      ; wait 1uS
001C   149F           00085      bsf       ADCON0,GO_DONE ; start conversion
001D   1C9F           00086      btfss     ADCON0,GO_DONE ; this bit will change to zero when the conversion is complete
001E   281D           00087      goto      $-1
001F   081E           00088      movf      ADRESH,w       ; Copy the display to the LEDs
0020   00A1           00089      movwf     Delay2
                      00090 
0021                  00091 A2DDelayLoop:
0021   0FA0           00092      incfsz    Delay1,f       ; Waste time.  
0022   2821           00093      goto      A2DDelayLoop   ; The Inner loop takes 3 instructions per loop * 256 loopss = 768 instruct
                            ions
0023   0FA1           00094      incfsz    Delay2,f       ; The outer loop takes and additional 3 instructions per lap * 256 loops
0024   2821           00095      goto      A2DDelayLoop   ; (768+3) * 256 = 197376 instructions / 1M instructions per second = 0.197
MPASM  5.20                    REVERSIBLE.ASM   6-4-2009  12:45:00         PAGE  3


LOC  OBJECT CODE     LINE SOURCE TEXT
  VALUE

                             sec.
                      00096                               ; call it a two-tenths of a second.
                      00097 
0025   300D           00098      movlw     .13            ; Delay another 10mS plus whatever was above
0026   00A1           00099      movwf     Delay2
0027                  00100 TenmSdelay:
0027   0BA0           00101      decfsz    Delay1,f
0028   2827           00102      goto      TenmSdelay
0029   0BA1           00103      decfsz    Delay2,f
002A   2827           00104      goto      TenmSdelay
                      00105 
002B   1824           00106      btfsc     LookingFor,0
002C   2833           00107      goto      LookingFor1
002D                  00108 LookingFor0:
002D   1806           00109      btfsc     PORTB,0        ; is the switch pressed (0)
002E   2835           00110      goto      Rotate
002F   1424           00111      bsf       LookingFor,0   ; yes  Next we'll be looking for a 1
0030   30FF           00112      movlw     0xFF           ; load the W register incase we need it
0031   06A3           00113      xorwf     Direction,f    ; yes, flip the direction bit
0032   2835           00114      goto      Rotate
                      00115 
0033                  00116 LookingFor1:
0033   1806           00117      btfsc     PORTB,0        ; is the switch pressed (0)
0034   1024           00118      bcf       LookingFor,0
                      00119      
0035                  00120 Rotate:
0035   1003           00121      bcf       STATUS,C       ; ensure the carry bit is clear
0036   1C23           00122      btfss     Direction,0
0037   283C           00123      goto      RotateLeft
0038                  00124 RotateRight:
0038   0CA2           00125      rrf       Display,f
0039   1803           00126      btfsc     STATUS,C       ; Did the bit rotate into the carry?
003A   17A2           00127      bsf       Display,7      ; yes, put it into bit 7.
                      00128 
003B   2815           00129      goto      MainLoop
003C                  00130 RotateLeft:
003C   0DA2           00131      rlf       Display,f
003D   1803           00132      btfsc     STATUS,C       ; did it rotate out of the display
003E   1422           00133      bsf       Display,0      ; yes, put it into bit 0
003F   2815           00134      goto      MainLoop
                      00135      
                      00136      end
MPASM  5.20                    REVERSIBLE.ASM   6-4-2009  12:45:00         PAGE  4


SYMBOL TABLE
  LABEL                             VALUE 

A2DDelayLoop                      00000021
ABDEN                             00000000
ABDOVF                            00000007
ACKDT                             00000005
ACKEN                             00000004
ACKSTAT                           00000006
ADCON0                            0000001F
ADCON1                            0000009F
ADCS0                             00000006
ADCS1                             00000007
ADDEN                             00000003
ADFM                              00000007
ADIE                              00000006
ADIF                              00000006
ADON                              00000000
ADRESH                            0000001E
ADRESL                            0000009E
ANS0                              00000000
ANS1                              00000001
ANS10                             00000002
ANS11                             00000003
ANS12                             00000004
ANS13                             00000005
ANS2                              00000002
ANS3                              00000003
ANS4                              00000004
ANS5                              00000005
ANS6                              00000006
ANS7                              00000007
ANS8                              00000000
ANS9                              00000001
ANSEL                             00000188
ANSELH                            00000189
BAUDCTL                           00000187
BCLIE                             00000003
BCLIF                             00000003
BF                                00000000
BRG0                              00000000
BRG1                              00000001
BRG10                             00000002
BRG11                             00000003
BRG12                             00000004
BRG13                             00000005
BRG14                             00000006
BRG15                             00000007
BRG16                             00000003
BRG2                              00000002
BRG3                              00000003
BRG4                              00000004
BRG5                              00000005
BRG6                              00000006
BRG7                              00000007
BRG8                              00000000
MPASM  5.20                    REVERSIBLE.ASM   6-4-2009  12:45:00         PAGE  5


SYMBOL TABLE
  LABEL                             VALUE 

BRG9                              00000001
BRGH                              00000002
C                                 00000000
C1CH0                             00000000
C1CH1                             00000001
C1IE                              00000005
C1IF                              00000005
C1OE                              00000005
C1ON                              00000007
C1OUT                             00000006
C1POL                             00000004
C1R                               00000002
C1RSEL                            00000005
C1SEN                             00000005
C2CH0                             00000000
C2CH1                             00000001
C2IE                              00000006
C2IF                              00000006
C2OE                              00000005
C2ON                              00000007
C2OUT                             00000006
C2POL                             00000004
C2R                               00000002
C2REN                             00000004
C2RSEL                            00000004
C2SYNC                            00000000
CCP1CON                           00000017
CCP1IE                            00000002
CCP1IF                            00000002
CCP1M0                            00000000
CCP1M1                            00000001
CCP1M2                            00000002
CCP1M3                            00000003
CCP1X                             00000005
CCP1Y                             00000004
CCP2CON                           0000001D
CCP2IE                            00000000
CCP2IF                            00000000
CCP2M0                            00000000
CCP2M1                            00000001
CCP2M2                            00000002
CCP2M3                            00000003
CCP2X                             00000005
CCP2Y                             00000004
CCPR1H                            00000016
CCPR1L                            00000015
CCPR2H                            0000001C
CCPR2L                            0000001B
CHS0                              00000002
CHS1                              00000003
CHS2                              00000004
CHS3                              00000005
CKE                               00000006
MPASM  5.20                    REVERSIBLE.ASM   6-4-2009  12:45:00         PAGE  6


SYMBOL TABLE
  LABEL                             VALUE 

CKP                               00000004
CM1CON0                           00000107
CM2CON0                           00000108
CM2CON1                           00000109
CREN                              00000004
CSRC                              00000007
D                                 00000005
DATA_ADDRESS                      00000005
DC                                00000001
DC1B0                             00000004
DC1B1                             00000005
DC2B0                             00000004
DC2B1                             00000005
D_A                               00000005
Delay1                            00000020
Delay2                            00000021
Direction                         00000023
Display                           00000022
ECCPAS                            0000009C
ECCPAS0                           00000004
ECCPAS1                           00000005
ECCPAS2                           00000006
ECCPASE                           00000007
EEADR                             0000010D
EEADRH                            0000010F
EECON1                            0000018C
EECON2                            0000018D
EEDAT                             0000010C
EEDATA                            0000010C
EEDATH                            0000010E
EEIE                              00000004
EEIF                              00000004
EEPGD                             00000007
F                                 00000001
FERR                              00000002
FSR                               00000004
FVREN                             00000000
GCEN                              00000007
GIE                               00000007
GO                                00000001
GO_DONE                           00000001
HTS                               00000002
I2C_DATA                          00000005
I2C_READ                          00000002
I2C_START                         00000003
I2C_STOP                          00000004
INDF                              00000000
INTCON                            0000000B
INTE                              00000004
INTEDG                            00000006
INTF                              00000001
IOCB                              00000096
IOCB0                             00000000
MPASM  5.20                    REVERSIBLE.ASM   6-4-2009  12:45:00         PAGE  7


SYMBOL TABLE
  LABEL                             VALUE 

IOCB1                             00000001
IOCB2                             00000002
IOCB3                             00000003
IOCB4                             00000004
IOCB5                             00000005
IOCB6                             00000006
IOCB7                             00000007
IRCF0                             00000004
IRCF1                             00000005
IRCF2                             00000006
IRP                               00000007
LTS                               00000001
LookingFor                        00000024
LookingFor0                       0000002D
LookingFor1                       00000033
MC1OUT                            00000007
MC2OUT                            00000006
MSK                               00000093
MainLoop                          00000015
NOT_A                             00000005
NOT_ADDRESS                       00000005
NOT_BO                            00000000
NOT_BOR                           00000000
NOT_DONE                          00000001
NOT_PD                            00000003
NOT_POR                           00000001
NOT_RBPU                          00000007
NOT_RC8                           00000006
NOT_T1SYNC                        00000002
NOT_TO                            00000004
NOT_TX8                           00000006
NOT_W                             00000002
NOT_WRITE                         00000002
OERR                              00000001
OPTION_REG                        00000081
OSCCON                            0000008F
OSCTUNE                           00000090
OSFIE                             00000007
OSFIF                             00000007
OSTS                              00000003
P                                 00000004
P1M0                              00000006
P1M1                              00000007
PCL                               00000002
PCLATH                            0000000A
PCON                              0000008E
PDC0                              00000000
PDC1                              00000001
PDC2                              00000002
PDC3                              00000003
PDC4                              00000004
PDC5                              00000005
PDC6                              00000006
MPASM  5.20                    REVERSIBLE.ASM   6-4-2009  12:45:00         PAGE  8


SYMBOL TABLE
  LABEL                             VALUE 

PEIE                              00000006
PEN                               00000002
PIE1                              0000008C
PIE2                              0000008D
PIR1                              0000000C
PIR2                              0000000D
PORTA                             00000005
PORTB                             00000006
PORTC                             00000007
PORTD                             00000008
PORTE                             00000009
PR2                               00000092
PRSEN                             00000007
PS0                               00000000
PS1                               00000001
PS2                               00000002
PSA                               00000003
PSSAC0                            00000002
PSSAC1                            00000003
PSSBD0                            00000000
PSSBD1                            00000001
PSTRCON                           0000009D
PULSR                             00000002
PULSS                             00000003
PWM1CON                           0000009B
R                                 00000002
RBIE                              00000003
RBIF                              00000000
RC8_9                             00000006
RC9                               00000006
RCD8                              00000000
RCEN                              00000003
RCIDL                             00000006
RCIE                              00000005
RCIF                              00000005
RCREG                             0000001A
RCSTA                             00000018
RD                                00000000
READ_WRITE                        00000002
RP0                               00000005
RP1                               00000006
RSEN                              00000001
RX9                               00000006
RX9D                              00000000
R_W                               00000002
Rotate                            00000035
RotateLeft                        0000003C
RotateRight                       00000038
S                                 00000003
SBOREN                            00000004
SCKP                              00000004
SCS                               00000000
SEN                               00000000
MPASM  5.20                    REVERSIBLE.ASM   6-4-2009  12:45:00         PAGE  9


SYMBOL TABLE
  LABEL                             VALUE 

SENDB                             00000003
SMP                               00000007
SPBRG                             00000099
SPBRGH                            0000009A
SPEN                              00000007
SR0                               00000006
SR1                               00000007
SRCON                             00000185
SREN                              00000005
SSPADD                            00000093
SSPBUF                            00000013
SSPCON                            00000014
SSPCON2                           00000091
SSPEN                             00000005
SSPIE                             00000003
SSPIF                             00000003
SSPM0                             00000000
SSPM1                             00000001
SSPM2                             00000002
SSPM3                             00000003
SSPMSK                            00000093
SSPOV                             00000006
SSPSTAT                           00000094
STATUS                            00000003
STRA                              00000000
STRB                              00000001
STRC                              00000002
STRD                              00000003
STRSYNC                           00000004
SWDTEN                            00000000
SYNC                              00000004
Start                             00000000
T0CS                              00000005
T0IE                              00000005
T0IF                              00000002
T0SE                              00000004
T1CKPS0                           00000004
T1CKPS1                           00000005
T1CON                             00000010
T1GIV                             00000007
T1GSS                             00000001
T1INSYNC                          00000002
T1OSCEN                           00000003
T1SYNC                            00000002
T2CKPS0                           00000000
T2CKPS1                           00000001
T2CON                             00000012
TMR0                              00000001
TMR0IE                            00000005
TMR0IF                            00000002
TMR1CS                            00000001
TMR1GE                            00000006
TMR1H                             0000000F
MPASM  5.20                    REVERSIBLE.ASM   6-4-2009  12:45:00         PAGE 10


SYMBOL TABLE
  LABEL                             VALUE 

TMR1IE                            00000000
TMR1IF                            00000000
TMR1L                             0000000E
TMR1ON                            00000000
TMR2                              00000011
TMR2IE                            00000001
TMR2IF                            00000001
TMR2ON                            00000002
TOUTPS0                           00000003
TOUTPS1                           00000004
TOUTPS2                           00000005
TOUTPS3                           00000006
TRISA                             00000085
TRISB                             00000086
TRISC                             00000087
TRISD                             00000088
TRISE                             00000089
TRMT                              00000001
TUN0                              00000000
TUN1                              00000001
TUN2                              00000002
TUN3                              00000003
TUN4                              00000004
TX8_9                             00000006
TX9                               00000006
TX9D                              00000000
TXD8                              00000000
TXEN                              00000005
TXIE                              00000004
TXIF                              00000004
TXREG                             00000019
TXSTA                             00000098
TenmSdelay                        00000027
UA                                00000001
ULPWUE                            00000005
ULPWUIE                           00000002
ULPWUIF                           00000002
VCFG0                             00000004
VCFG1                             00000005
VR0                               00000000
VR1                               00000001
VR2                               00000002
VR3                               00000003
VRCON                             00000097
VREN                              00000007
VROE                              00000006
VRR                               00000005
VRSS                              00000004
W                                 00000000
WCOL                              00000007
WDTCON                            00000105
WDTPS0                            00000001
WDTPS1                            00000002
MPASM  5.20                    REVERSIBLE.ASM   6-4-2009  12:45:00         PAGE 11


SYMBOL TABLE
  LABEL                             VALUE 

WDTPS2                            00000003
WDTPS3                            00000004
WPUB                              00000095
WPUB0                             00000000
WPUB1                             00000001
WPUB2                             00000002
WPUB3                             00000003
WPUB4                             00000004
WPUB5                             00000005
WPUB6                             00000006
WPUB7                             00000007
WR                                00000001
WREN                              00000002
WRERR                             00000003
WUE                               00000001
Z                                 00000002
_BOR21V                           00003EFF
_BOR40V                           00003FFF
_BOR_NSLEEP                       00003EFF
_BOR_OFF                          00003CFF
_BOR_ON                           00003FFF
_BOR_SBODEN                       00003DFF
_CONFIG1                          00002007
_CONFIG2                          00002008
_CPD_OFF                          00003FFF
_CPD_ON                           00003F7F
_CP_OFF                           00003FFF
_CP_ON                            00003FBF
_DEBUG_OFF                        00003FFF
_DEBUG_ON                         00001FFF
_EC_OSC                           00003FFB
_EXTRC                            00003FFF
_EXTRCIO                          00003FFE
_EXTRC_OSC_CLKOUT                 00003FFF
_EXTRC_OSC_NOCLKOUT               00003FFE
_FCMEN_OFF                        000037FF
_FCMEN_ON                         00003FFF
_HS_OSC                           00003FFA
_IESO_OFF                         00003BFF
_IESO_ON                          00003FFF
_INTOSC                           00003FFD
_INTOSCIO                         00003FFC
_INTRC_OSC_CLKOUT                 00003FFD
_INTRC_OSC_NOCLKOUT               00003FFC
_LP_OSC                           00003FF8
_LVP_OFF                          00002FFF
_LVP_ON                           00003FFF
_MCLRE_OFF                        00003FDF
_MCLRE_ON                         00003FFF
_PWRTE_OFF                        00003FFF
_PWRTE_ON                         00003FEF
_WDT_OFF                          00003FF7
_WDT_ON                           00003FFF
MPASM  5.20                    REVERSIBLE.ASM   6-4-2009  12:45:00         PAGE 12


SYMBOL TABLE
  LABEL                             VALUE 

_WRT_1FOURTH                      00003BFF
_WRT_256                          00003DFF
_WRT_HALF                         000039FF
_WRT_OFF                          00003FFF
_XT_OSC                           00003FF9
__16F887                          00000001
__DEBUG                           1


MEMORY USAGE MAP ('X' = Used,  '-' = Unused)

0000 : XXXXXXXXXXXXXXXX XXXXXXXXXXXXXXXX XXXXXXXXXXXXXXXX XXXXXXXXXXXXXXXX
2000 : -------XX------- ---------------- ---------------- ----------------

All other memory blocks unused.

Program Memory Words Used:    64
Program Memory Words Free:  8128


Errors   :     0
Warnings :     0 reported,     0 suppressed
Messages :     6 reported,     0 suppressed

